{"meta": {"format": 3, "version": "7.11.0", "timestamp": "2025-10-16T13:29:57.321821", "branch_coverage": false, "show_contexts": false}, "files": {"argentum/__init__.py": {"executed_lines": [1, 8, 9, 11, 12, 13, 14, 15, 16, 17, 19], "summary": {"covered_lines": 10, "num_statements": 10, "percent_covered": 100.0, "percent_covered_display": "100", "missing_lines": 0, "excluded_lines": 0}, "missing_lines": [], "excluded_lines": [], "functions": {"": {"executed_lines": [1, 8, 9, 11, 12, 13, 14, 15, 16, 17, 19], "summary": {"covered_lines": 10, "num_statements": 10, "percent_covered": 100.0, "percent_covered_display": "100", "missing_lines": 0, "excluded_lines": 0}, "missing_lines": [], "excluded_lines": []}}, "classes": {"": {"executed_lines": [1, 8, 9, 11, 12, 13, 14, 15, 16, 17, 19], "summary": {"covered_lines": 10, "num_statements": 10, "percent_covered": 100.0, "percent_covered_display": "100", "missing_lines": 0, "excluded_lines": 0}, "missing_lines": [], "excluded_lines": []}}}, "argentum/agents/__init__.py": {"executed_lines": [1, 3, 5], "summary": {"covered_lines": 2, "num_statements": 2, "percent_covered": 100.0, "percent_covered_display": "100", "missing_lines": 0, "excluded_lines": 0}, "missing_lines": [], "excluded_lines": [], "functions": {"": {"executed_lines": [1, 3, 5], "summary": {"covered_lines": 2, "num_statements": 2, "percent_covered": 100.0, "percent_covered_display": "100", "missing_lines": 0, "excluded_lines": 0}, "missing_lines": [], "excluded_lines": []}}, "classes": {"": {"executed_lines": [1, 3, 5], "summary": {"covered_lines": 2, "num_statements": 2, "percent_covered": 100.0, "percent_covered_display": "100", "missing_lines": 0, "excluded_lines": 0}, "missing_lines": [], "excluded_lines": []}}}, "argentum/agents/base.py": {"executed_lines": [1, 3, 4, 6, 8, 11, 12, 14, 15, 16, 17, 18, 19, 20, 21, 22, 25, 26, 28, 34, 35, 36, 37, 38, 40, 41, 57, 63, 65, 71, 73, 75, 77, 83, 85, 91, 92, 94, 97, 98, 100, 102, 104, 106], "summary": {"covered_lines": 41, "num_statements": 43, "percent_covered": 95.34883720930233, "percent_covered_display": "95", "missing_lines": 2, "excluded_lines": 0}, "missing_lines": [55, 95], "excluded_lines": [], "functions": {"Agent.__init__": {"executed_lines": [34, 35, 36, 37, 38], "summary": {"covered_lines": 5, "num_statements": 5, "percent_covered": 100.0, "percent_covered_display": "100", "missing_lines": 0, "excluded_lines": 0}, "missing_lines": [], "excluded_lines": []}, "Agent.generate_response": {"executed_lines": [], "summary": {"covered_lines": 0, "num_statements": 1, "percent_covered": 0.0, "percent_covered_display": "0", "missing_lines": 1, "excluded_lines": 0}, "missing_lines": [55], "excluded_lines": []}, "Agent.receive_message": {"executed_lines": [63], "summary": {"covered_lines": 1, "num_statements": 1, "percent_covered": 100.0, "percent_covered_display": "100", "missing_lines": 0, "excluded_lines": 0}, "missing_lines": [], "excluded_lines": []}, "Agent.get_message_history": {"executed_lines": [71], "summary": {"covered_lines": 1, "num_statements": 1, "percent_covered": 100.0, "percent_covered_display": "100", "missing_lines": 0, "excluded_lines": 0}, "missing_lines": [], "excluded_lines": []}, "Agent.clear_history": {"executed_lines": [75], "summary": {"covered_lines": 1, "num_statements": 1, "percent_covered": 100.0, "percent_covered_display": "100", "missing_lines": 0, "excluded_lines": 0}, "missing_lines": [], "excluded_lines": []}, "Agent.get_capabilities": {"executed_lines": [83], "summary": {"covered_lines": 1, "num_statements": 1, "percent_covered": 100.0, "percent_covered_display": "100", "missing_lines": 0, "excluded_lines": 0}, "missing_lines": [], "excluded_lines": []}, "Agent.get_system_prompt": {"executed_lines": [91, 92, 94, 97, 98, 100, 102], "summary": {"covered_lines": 7, "num_statements": 8, "percent_covered": 87.5, "percent_covered_display": "88", "missing_lines": 1, "excluded_lines": 0}, "missing_lines": [95], "excluded_lines": []}, "Agent.__repr__": {"executed_lines": [106], "summary": {"covered_lines": 1, "num_statements": 1, "percent_covered": 100.0, "percent_covered_display": "100", "missing_lines": 0, "excluded_lines": 0}, "missing_lines": [], "excluded_lines": []}, "": {"executed_lines": [1, 3, 4, 6, 8, 11, 12, 14, 15, 16, 17, 18, 19, 20, 21, 22, 25, 26, 28, 40, 41, 57, 65, 73, 77, 85, 104], "summary": {"covered_lines": 24, "num_statements": 24, "percent_covered": 100.0, "percent_covered_display": "100", "missing_lines": 0, "excluded_lines": 0}, "missing_lines": [], "excluded_lines": []}}, "classes": {"AgentConfig": {"executed_lines": [], "summary": {"covered_lines": 0, "num_statements": 0, "percent_covered": 100.0, "percent_covered_display": "100", "missing_lines": 0, "excluded_lines": 0}, "missing_lines": [], "excluded_lines": []}, "Agent": {"executed_lines": [34, 35, 36, 37, 38, 63, 71, 75, 83, 91, 92, 94, 97, 98, 100, 102, 106], "summary": {"covered_lines": 17, "num_statements": 19, "percent_covered": 89.47368421052632, "percent_covered_display": "89", "missing_lines": 2, "excluded_lines": 0}, "missing_lines": [55, 95], "excluded_lines": []}, "": {"executed_lines": [1, 3, 4, 6, 8, 11, 12, 14, 15, 16, 17, 18, 19, 20, 21, 22, 25, 26, 28, 40, 41, 57, 65, 73, 77, 85, 104], "summary": {"covered_lines": 24, "num_statements": 24, "percent_covered": 100.0, "percent_covered_display": "100", "missing_lines": 0, "excluded_lines": 0}, "missing_lines": [], "excluded_lines": []}}}, "argentum/agents/llm_agent.py": {"executed_lines": [1, 3, 5, 6, 7, 10, 11, 13, 20, 21, 23, 38, 45, 46, 47, 48, 49, 52, 55, 60, 67], "summary": {"covered_lines": 19, "num_statements": 19, "percent_covered": 100.0, "percent_covered_display": "100", "missing_lines": 0, "excluded_lines": 0}, "missing_lines": [], "excluded_lines": [], "functions": {"LLMAgent.__init__": {"executed_lines": [20, 21], "summary": {"covered_lines": 2, "num_statements": 2, "percent_covered": 100.0, "percent_covered_display": "100", "missing_lines": 0, "excluded_lines": 0}, "missing_lines": [], "excluded_lines": []}, "LLMAgent.generate_response": {"executed_lines": [38, 45, 46, 47, 48, 49, 52, 55, 60, 67], "summary": {"covered_lines": 10, "num_statements": 10, "percent_covered": 100.0, "percent_covered_display": "100", "missing_lines": 0, "excluded_lines": 0}, "missing_lines": [], "excluded_lines": []}, "": {"executed_lines": [1, 3, 5, 6, 7, 10, 11, 13, 23], "summary": {"covered_lines": 7, "num_statements": 7, "percent_covered": 100.0, "percent_covered_display": "100", "missing_lines": 0, "excluded_lines": 0}, "missing_lines": [], "excluded_lines": []}}, "classes": {"LLMAgent": {"executed_lines": [20, 21, 38, 45, 46, 47, 48, 49, 52, 55, 60, 67], "summary": {"covered_lines": 12, "num_statements": 12, "percent_covered": 100.0, "percent_covered_display": "100", "missing_lines": 0, "excluded_lines": 0}, "missing_lines": [], "excluded_lines": []}, "": {"executed_lines": [1, 3, 5, 6, 7, 10, 11, 13, 23], "summary": {"covered_lines": 7, "num_statements": 7, "percent_covered": 100.0, "percent_covered_display": "100", "missing_lines": 0, "excluded_lines": 0}, "missing_lines": [], "excluded_lines": []}}}, "argentum/cli.py": {"executed_lines": [], "summary": {"covered_lines": 0, "num_statements": 109, "percent_covered": 0.0, "percent_covered_display": "0", "missing_lines": 109, "excluded_lines": 0}, "missing_lines": [3, 4, 5, 7, 8, 9, 10, 12, 13, 15, 18, 19, 20, 22, 25, 26, 27, 33, 34, 39, 41, 43, 44, 50, 51, 52, 53, 55, 56, 59, 60, 61, 63, 64, 65, 66, 68, 69, 70, 71, 74, 75, 76, 78, 79, 80, 81, 82, 83, 84, 85, 88, 89, 90, 96, 97, 102, 104, 106, 107, 113, 114, 115, 116, 118, 119, 122, 123, 124, 126, 127, 128, 129, 131, 132, 133, 134, 137, 138, 139, 141, 142, 143, 144, 145, 146, 147, 148, 151, 152, 154, 157, 158, 159, 161, 170, 171, 173, 176, 177, 178, 180, 189, 190, 192, 195, 197, 200, 201], "excluded_lines": [], "functions": {"cli": {"executed_lines": [], "summary": {"covered_lines": 0, "num_statements": 1, "percent_covered": 0.0, "percent_covered_display": "0", "missing_lines": 1, "excluded_lines": 0}, "missing_lines": [22], "excluded_lines": []}, "debate": {"executed_lines": [], "summary": {"covered_lines": 0, "num_statements": 11, "percent_covered": 0.0, "percent_covered_display": "0", "missing_lines": 11, "excluded_lines": 0}, "missing_lines": [39, 41, 43, 78, 79, 80, 81, 82, 83, 84, 85], "excluded_lines": []}, "debate.run_debate": {"executed_lines": [], "summary": {"covered_lines": 0, "num_statements": 21, "percent_covered": 0.0, "percent_covered_display": "0", "missing_lines": 21, "excluded_lines": 0}, "missing_lines": [44, 50, 51, 52, 53, 55, 56, 59, 60, 61, 63, 64, 65, 66, 68, 69, 70, 71, 74, 75, 76], "excluded_lines": []}, "advisory": {"executed_lines": [], "summary": {"covered_lines": 0, "num_statements": 11, "percent_covered": 0.0, "percent_covered_display": "0", "missing_lines": 11, "excluded_lines": 0}, "missing_lines": [102, 104, 106, 141, 142, 143, 144, 145, 146, 147, 148], "excluded_lines": []}, "advisory.run_advisory": {"executed_lines": [], "summary": {"covered_lines": 0, "num_statements": 21, "percent_covered": 0.0, "percent_covered_display": "0", "missing_lines": 21, "excluded_lines": 0}, "missing_lines": [107, 113, 114, 115, 116, 118, 119, 122, 123, 124, 126, 127, 128, 129, 131, 132, 133, 134, 137, 138, 139], "excluded_lines": []}, "list_roles": {"executed_lines": [], "summary": {"covered_lines": 0, "num_statements": 15, "percent_covered": 0.0, "percent_covered_display": "0", "missing_lines": 15, "excluded_lines": 0}, "missing_lines": [154, 157, 158, 159, 161, 170, 171, 173, 176, 177, 178, 180, 189, 190, 192], "excluded_lines": []}, "main": {"executed_lines": [], "summary": {"covered_lines": 0, "num_statements": 1, "percent_covered": 0.0, "percent_covered_display": "0", "missing_lines": 1, "excluded_lines": 0}, "missing_lines": [197], "excluded_lines": []}, "": {"executed_lines": [], "summary": {"covered_lines": 0, "num_statements": 28, "percent_covered": 0.0, "percent_covered_display": "0", "missing_lines": 28, "excluded_lines": 0}, "missing_lines": [3, 4, 5, 7, 8, 9, 10, 12, 13, 15, 18, 19, 20, 25, 26, 27, 33, 34, 88, 89, 90, 96, 97, 151, 152, 195, 200, 201], "excluded_lines": []}}, "classes": {"": {"executed_lines": [], "summary": {"covered_lines": 0, "num_statements": 109, "percent_covered": 0.0, "percent_covered_display": "0", "missing_lines": 109, "excluded_lines": 0}, "missing_lines": [3, 4, 5, 7, 8, 9, 10, 12, 13, 15, 18, 19, 20, 22, 25, 26, 27, 33, 34, 39, 41, 43, 44, 50, 51, 52, 53, 55, 56, 59, 60, 61, 63, 64, 65, 66, 68, 69, 70, 71, 74, 75, 76, 78, 79, 80, 81, 82, 83, 84, 85, 88, 89, 90, 96, 97, 102, 104, 106, 107, 113, 114, 115, 116, 118, 119, 122, 123, 124, 126, 127, 128, 129, 131, 132, 133, 134, 137, 138, 139, 141, 142, 143, 144, 145, 146, 147, 148, 151, 152, 154, 157, 158, 159, 161, 170, 171, 173, 176, 177, 178, 180, 189, 190, 192, 195, 197, 200, 201], "excluded_lines": []}}}, "argentum/coordination/__init__.py": {"executed_lines": [1, 3, 5], "summary": {"covered_lines": 2, "num_statements": 2, "percent_covered": 100.0, "percent_covered_display": "100", "missing_lines": 0, "excluded_lines": 0}, "missing_lines": [], "excluded_lines": [], "functions": {"": {"executed_lines": [1, 3, 5], "summary": {"covered_lines": 2, "num_statements": 2, "percent_covered": 100.0, "percent_covered_display": "100", "missing_lines": 0, "excluded_lines": 0}, "missing_lines": [], "excluded_lines": []}}, "classes": {"": {"executed_lines": [1, 3, 5], "summary": {"covered_lines": 2, "num_statements": 2, "percent_covered": 100.0, "percent_covered_display": "100", "missing_lines": 0, "excluded_lines": 0}, "missing_lines": [], "excluded_lines": []}}}, "argentum/coordination/chat_manager.py": {"executed_lines": [1, 3, 4, 6, 7, 8, 11, 12, 14, 15, 16, 17, 20, 21, 23, 38, 39, 40, 41, 42, 43, 45, 59, 60, 62, 63, 64, 65, 67, 72, 81, 82, 84, 97, 98, 101, 102, 107, 109, 115, 116, 118, 120, 121, 123, 129, 131, 137, 139, 145, 147, 149], "summary": {"covered_lines": 49, "num_statements": 50, "percent_covered": 98.0, "percent_covered_display": "98", "missing_lines": 1, "excluded_lines": 0}, "missing_lines": [70], "excluded_lines": [], "functions": {"ChatManager.__init__": {"executed_lines": [38, 39, 40, 41, 42, 43], "summary": {"covered_lines": 6, "num_statements": 6, "percent_covered": 100.0, "percent_covered_display": "100", "missing_lines": 0, "excluded_lines": 0}, "missing_lines": [], "excluded_lines": []}, "ChatManager.select_next_speaker": {"executed_lines": [59, 60, 62, 63, 64, 65, 67], "summary": {"covered_lines": 7, "num_statements": 8, "percent_covered": 87.5, "percent_covered_display": "88", "missing_lines": 1, "excluded_lines": 0}, "missing_lines": [70], "excluded_lines": []}, "ChatManager._select_round_robin": {"executed_lines": [81, 82], "summary": {"covered_lines": 2, "num_statements": 2, "percent_covered": 100.0, "percent_covered_display": "100", "missing_lines": 0, "excluded_lines": 0}, "missing_lines": [], "excluded_lines": []}, "ChatManager.should_terminate": {"executed_lines": [97, 98, 101, 102, 107], "summary": {"covered_lines": 5, "num_statements": 5, "percent_covered": 100.0, "percent_covered_display": "100", "missing_lines": 0, "excluded_lines": 0}, "missing_lines": [], "excluded_lines": []}, "ChatManager.record_turn": {"executed_lines": [115, 116], "summary": {"covered_lines": 2, "num_statements": 2, "percent_covered": 100.0, "percent_covered_display": "100", "missing_lines": 0, "excluded_lines": 0}, "missing_lines": [], "excluded_lines": []}, "ChatManager.reset": {"executed_lines": [120, 121], "summary": {"covered_lines": 2, "num_statements": 2, "percent_covered": 100.0, "percent_covered_display": "100", "missing_lines": 0, "excluded_lines": 0}, "missing_lines": [], "excluded_lines": []}, "ChatManager.get_turn_count": {"executed_lines": [129], "summary": {"covered_lines": 1, "num_statements": 1, "percent_covered": 100.0, "percent_covered_display": "100", "missing_lines": 0, "excluded_lines": 0}, "missing_lines": [], "excluded_lines": []}, "ChatManager.get_speaker_history": {"executed_lines": [137], "summary": {"covered_lines": 1, "num_statements": 1, "percent_covered": 100.0, "percent_covered_display": "100", "missing_lines": 0, "excluded_lines": 0}, "missing_lines": [], "excluded_lines": []}, "ChatManager.get_statistics": {"executed_lines": [145, 147, 149], "summary": {"covered_lines": 3, "num_statements": 3, "percent_covered": 100.0, "percent_covered_display": "100", "missing_lines": 0, "excluded_lines": 0}, "missing_lines": [], "excluded_lines": []}, "": {"executed_lines": [1, 3, 4, 6, 7, 8, 11, 12, 14, 15, 16, 17, 20, 21, 23, 45, 72, 84, 109, 118, 123, 131, 139], "summary": {"covered_lines": 20, "num_statements": 20, "percent_covered": 100.0, "percent_covered_display": "100", "missing_lines": 0, "excluded_lines": 0}, "missing_lines": [], "excluded_lines": []}}, "classes": {"SpeakerSelectionMode": {"executed_lines": [], "summary": {"covered_lines": 0, "num_statements": 0, "percent_covered": 100.0, "percent_covered_display": "100", "missing_lines": 0, "excluded_lines": 0}, "missing_lines": [], "excluded_lines": []}, "ChatManager": {"executed_lines": [38, 39, 40, 41, 42, 43, 59, 60, 62, 63, 64, 65, 67, 81, 82, 97, 98, 101, 102, 107, 115, 116, 120, 121, 129, 137, 145, 147, 149], "summary": {"covered_lines": 29, "num_statements": 30, "percent_covered": 96.66666666666667, "percent_covered_display": "97", "missing_lines": 1, "excluded_lines": 0}, "missing_lines": [70], "excluded_lines": []}, "": {"executed_lines": [1, 3, 4, 6, 7, 8, 11, 12, 14, 15, 16, 17, 20, 21, 23, 45, 72, 84, 109, 118, 123, 131, 139], "summary": {"covered_lines": 20, "num_statements": 20, "percent_covered": 100.0, "percent_covered_display": "100", "missing_lines": 0, "excluded_lines": 0}, "missing_lines": [], "excluded_lines": []}}}, "argentum/llm/__init__.py": {"executed_lines": [1, 3, 5], "summary": {"covered_lines": 2, "num_statements": 2, "percent_covered": 100.0, "percent_covered_display": "100", "missing_lines": 0, "excluded_lines": 0}, "missing_lines": [], "excluded_lines": [], "functions": {"": {"executed_lines": [1, 3, 5], "summary": {"covered_lines": 2, "num_statements": 2, "percent_covered": 100.0, "percent_covered_display": "100", "missing_lines": 0, "excluded_lines": 0}, "missing_lines": [], "excluded_lines": []}}, "classes": {"": {"executed_lines": [1, 3, 5], "summary": {"covered_lines": 2, "num_statements": 2, "percent_covered": 100.0, "percent_covered_display": "100", "missing_lines": 0, "excluded_lines": 0}, "missing_lines": [], "excluded_lines": []}}}, "argentum/llm/provider.py": {"executed_lines": [1, 3, 4, 7, 8, 10, 11, 31, 32, 41, 42, 44, 57, 58, 59, 60, 62, 97, 106, 107, 109, 130, 167], "summary": {"covered_lines": 19, "num_statements": 38, "percent_covered": 50.0, "percent_covered_display": "50", "missing_lines": 19, "excluded_lines": 0}, "missing_lines": [29, 38, 80, 81, 83, 87, 95, 103, 124, 125, 126, 127, 128, 148, 149, 151, 157, 165, 173], "excluded_lines": [], "functions": {"LLMProvider.generate": {"executed_lines": [], "summary": {"covered_lines": 0, "num_statements": 1, "percent_covered": 0.0, "percent_covered_display": "0", "missing_lines": 1, "excluded_lines": 0}, "missing_lines": [29], "excluded_lines": []}, "LLMProvider.get_model_name": {"executed_lines": [], "summary": {"covered_lines": 0, "num_statements": 1, "percent_covered": 0.0, "percent_covered_display": "0", "missing_lines": 1, "excluded_lines": 0}, "missing_lines": [38], "excluded_lines": []}, "OpenAIProvider.__init__": {"executed_lines": [57, 58, 59, 60], "summary": {"covered_lines": 4, "num_statements": 4, "percent_covered": 100.0, "percent_covered_display": "100", "missing_lines": 0, "excluded_lines": 0}, "missing_lines": [], "excluded_lines": []}, "OpenAIProvider.generate": {"executed_lines": [], "summary": {"covered_lines": 0, "num_statements": 5, "percent_covered": 0.0, "percent_covered_display": "0", "missing_lines": 5, "excluded_lines": 0}, "missing_lines": [80, 81, 83, 87, 95], "excluded_lines": []}, "OpenAIProvider.get_model_name": {"executed_lines": [], "summary": {"covered_lines": 0, "num_statements": 1, "percent_covered": 0.0, "percent_covered_display": "0", "missing_lines": 1, "excluded_lines": 0}, "missing_lines": [103], "excluded_lines": []}, "AzureOpenAIProvider.__init__": {"executed_lines": [], "summary": {"covered_lines": 0, "num_statements": 5, "percent_covered": 0.0, "percent_covered_display": "0", "missing_lines": 5, "excluded_lines": 0}, "missing_lines": [124, 125, 126, 127, 128], "excluded_lines": []}, "AzureOpenAIProvider.generate": {"executed_lines": [], "summary": {"covered_lines": 0, "num_statements": 5, "percent_covered": 0.0, "percent_covered_display": "0", "missing_lines": 5, "excluded_lines": 0}, "missing_lines": [148, 149, 151, 157, 165], "excluded_lines": []}, "AzureOpenAIProvider.get_model_name": {"executed_lines": [], "summary": {"covered_lines": 0, "num_statements": 1, "percent_covered": 0.0, "percent_covered_display": "0", "missing_lines": 1, "excluded_lines": 0}, "missing_lines": [173], "excluded_lines": []}, "": {"executed_lines": [1, 3, 4, 7, 8, 10, 11, 31, 32, 41, 42, 44, 62, 97, 106, 107, 109, 130, 167], "summary": {"covered_lines": 15, "num_statements": 15, "percent_covered": 100.0, "percent_covered_display": "100", "missing_lines": 0, "excluded_lines": 0}, "missing_lines": [], "excluded_lines": []}}, "classes": {"LLMProvider": {"executed_lines": [], "summary": {"covered_lines": 0, "num_statements": 2, "percent_covered": 0.0, "percent_covered_display": "0", "missing_lines": 2, "excluded_lines": 0}, "missing_lines": [29, 38], "excluded_lines": []}, "OpenAIProvider": {"executed_lines": [57, 58, 59, 60], "summary": {"covered_lines": 4, "num_statements": 10, "percent_covered": 40.0, "percent_covered_display": "40", "missing_lines": 6, "excluded_lines": 0}, "missing_lines": [80, 81, 83, 87, 95, 103], "excluded_lines": []}, "AzureOpenAIProvider": {"executed_lines": [], "summary": {"covered_lines": 0, "num_statements": 11, "percent_covered": 0.0, "percent_covered_display": "0", "missing_lines": 11, "excluded_lines": 0}, "missing_lines": [124, 125, 126, 127, 128, 148, 149, 151, 157, 165, 173], "excluded_lines": []}, "": {"executed_lines": [1, 3, 4, 7, 8, 10, 11, 31, 32, 41, 42, 44, 62, 97, 106, 107, 109, 130, 167], "summary": {"covered_lines": 15, "num_statements": 15, "percent_covered": 100.0, "percent_covered_display": "100", "missing_lines": 0, "excluded_lines": 0}, "missing_lines": [], "excluded_lines": []}}}, "argentum/memory/__init__.py": {"executed_lines": [1, 3, 5], "summary": {"covered_lines": 2, "num_statements": 2, "percent_covered": 100.0, "percent_covered_display": "100", "missing_lines": 0, "excluded_lines": 0}, "missing_lines": [], "excluded_lines": [], "functions": {"": {"executed_lines": [1, 3, 5], "summary": {"covered_lines": 2, "num_statements": 2, "percent_covered": 100.0, "percent_covered_display": "100", "missing_lines": 0, "excluded_lines": 0}, "missing_lines": [], "excluded_lines": []}}, "classes": {"": {"executed_lines": [1, 3, 5], "summary": {"covered_lines": 2, "num_statements": 2, "percent_covered": 100.0, "percent_covered_display": "100", "missing_lines": 0, "excluded_lines": 0}, "missing_lines": [], "excluded_lines": []}}}, "argentum/memory/context.py": {"executed_lines": [1, 3, 4, 5, 7, 9, 12, 13, 15, 16, 17, 18, 19, 20, 22, 28, 29, 31, 40, 41, 42, 44, 53, 55, 57, 58, 59, 61, 67, 69, 75, 77, 86, 87, 90, 91, 96, 97, 98, 100, 101, 102, 104, 105, 107, 108, 110, 116, 117, 119, 120, 122, 129, 131, 140], "summary": {"covered_lines": 51, "num_statements": 51, "percent_covered": 100.0, "percent_covered_display": "100", "missing_lines": 0, "excluded_lines": 0}, "missing_lines": [], "excluded_lines": [], "functions": {"Context.add_message": {"executed_lines": [28, 29], "summary": {"covered_lines": 2, "num_statements": 2, "percent_covered": 100.0, "percent_covered_display": "100", "missing_lines": 0, "excluded_lines": 0}, "missing_lines": [], "excluded_lines": []}, "Context.get_messages": {"executed_lines": [40, 41, 42], "summary": {"covered_lines": 3, "num_statements": 3, "percent_covered": 100.0, "percent_covered_display": "100", "missing_lines": 0, "excluded_lines": 0}, "missing_lines": [], "excluded_lines": []}, "Context.get_messages_by_sender": {"executed_lines": [53], "summary": {"covered_lines": 1, "num_statements": 1, "percent_covered": 100.0, "percent_covered_display": "100", "missing_lines": 0, "excluded_lines": 0}, "missing_lines": [], "excluded_lines": []}, "Context.clear": {"executed_lines": [57, 58, 59], "summary": {"covered_lines": 3, "num_statements": 3, "percent_covered": 100.0, "percent_covered_display": "100", "missing_lines": 0, "excluded_lines": 0}, "missing_lines": [], "excluded_lines": []}, "Context.get_conversation_length": {"executed_lines": [67], "summary": {"covered_lines": 1, "num_statements": 1, "percent_covered": 100.0, "percent_covered_display": "100", "missing_lines": 0, "excluded_lines": 0}, "missing_lines": [], "excluded_lines": []}, "Context.get_participants": {"executed_lines": [75], "summary": {"covered_lines": 1, "num_statements": 1, "percent_covered": 100.0, "percent_covered_display": "100", "missing_lines": 0, "excluded_lines": 0}, "missing_lines": [], "excluded_lines": []}, "Context.summarize": {"executed_lines": [86, 87, 90, 91, 96, 97, 98, 100, 101, 102, 104, 105], "summary": {"covered_lines": 12, "num_statements": 12, "percent_covered": 100.0, "percent_covered_display": "100", "missing_lines": 0, "excluded_lines": 0}, "missing_lines": [], "excluded_lines": []}, "ConversationHistory.add_agent_state": {"executed_lines": [129], "summary": {"covered_lines": 1, "num_statements": 1, "percent_covered": 100.0, "percent_covered_display": "100", "missing_lines": 0, "excluded_lines": 0}, "missing_lines": [], "excluded_lines": []}, "ConversationHistory.get_agent_state": {"executed_lines": [140], "summary": {"covered_lines": 1, "num_statements": 1, "percent_covered": 100.0, "percent_covered_display": "100", "missing_lines": 0, "excluded_lines": 0}, "missing_lines": [], "excluded_lines": []}, "": {"executed_lines": [1, 3, 4, 5, 7, 9, 12, 13, 15, 16, 17, 18, 19, 20, 22, 31, 44, 55, 61, 69, 77, 107, 108, 110, 116, 117, 119, 120, 122, 131], "summary": {"covered_lines": 26, "num_statements": 26, "percent_covered": 100.0, "percent_covered_display": "100", "missing_lines": 0, "excluded_lines": 0}, "missing_lines": [], "excluded_lines": []}}, "classes": {"Context": {"executed_lines": [28, 29, 40, 41, 42, 53, 57, 58, 59, 67, 75, 86, 87, 90, 91, 96, 97, 98, 100, 101, 102, 104, 105], "summary": {"covered_lines": 23, "num_statements": 23, "percent_covered": 100.0, "percent_covered_display": "100", "missing_lines": 0, "excluded_lines": 0}, "missing_lines": [], "excluded_lines": []}, "Context.Config": {"executed_lines": [], "summary": {"covered_lines": 0, "num_statements": 0, "percent_covered": 100.0, "percent_covered_display": "100", "missing_lines": 0, "excluded_lines": 0}, "missing_lines": [], "excluded_lines": []}, "ConversationHistory": {"executed_lines": [129, 140], "summary": {"covered_lines": 2, "num_statements": 2, "percent_covered": 100.0, "percent_covered_display": "100", "missing_lines": 0, "excluded_lines": 0}, "missing_lines": [], "excluded_lines": []}, "": {"executed_lines": [1, 3, 4, 5, 7, 9, 12, 13, 15, 16, 17, 18, 19, 20, 22, 31, 44, 55, 61, 69, 77, 107, 108, 110, 116, 117, 119, 120, 122, 131], "summary": {"covered_lines": 26, "num_statements": 26, "percent_covered": 100.0, "percent_covered_display": "100", "missing_lines": 0, "excluded_lines": 0}, "missing_lines": [], "excluded_lines": []}}}, "argentum/models.py": {"executed_lines": [1, 3, 4, 5, 6, 8, 11, 12, 14, 15, 16, 17, 18, 19, 22, 23, 25, 26, 27, 28, 31, 32, 34, 35, 36, 39, 40, 42, 43, 44, 45, 46, 47, 50, 51, 53, 54, 55, 56, 57, 58, 60, 61, 63, 69, 70, 72, 73, 74, 75, 76, 79, 80, 82, 83, 84, 85, 86, 87, 88, 91, 92, 94, 95, 96, 97, 98], "summary": {"covered_lines": 57, "num_statements": 57, "percent_covered": 100.0, "percent_covered_display": "100", "missing_lines": 0, "excluded_lines": 0}, "missing_lines": [], "excluded_lines": [], "functions": {"": {"executed_lines": [1, 3, 4, 5, 6, 8, 11, 12, 14, 15, 16, 17, 18, 19, 22, 23, 25, 26, 27, 28, 31, 32, 34, 35, 36, 39, 40, 42, 43, 44, 45, 46, 47, 50, 51, 53, 54, 55, 56, 57, 58, 60, 61, 63, 69, 70, 72, 73, 74, 75, 76, 79, 80, 82, 83, 84, 85, 86, 87, 88, 91, 92, 94, 95, 96, 97, 98], "summary": {"covered_lines": 57, "num_statements": 57, "percent_covered": 100.0, "percent_covered_display": "100", "missing_lines": 0, "excluded_lines": 0}, "missing_lines": [], "excluded_lines": []}}, "classes": {"Role": {"executed_lines": [], "summary": {"covered_lines": 0, "num_statements": 0, "percent_covered": 100.0, "percent_covered_display": "100", "missing_lines": 0, "excluded_lines": 0}, "missing_lines": [], "excluded_lines": []}, "MessageType": {"executed_lines": [], "summary": {"covered_lines": 0, "num_statements": 0, "percent_covered": 100.0, "percent_covered_display": "100", "missing_lines": 0, "excluded_lines": 0}, "missing_lines": [], "excluded_lines": []}, "OrchestrationPattern": {"executed_lines": [], "summary": {"covered_lines": 0, "num_statements": 0, "percent_covered": 100.0, "percent_covered_display": "100", "missing_lines": 0, "excluded_lines": 0}, "missing_lines": [], "excluded_lines": []}, "TerminationReason": {"executed_lines": [], "summary": {"covered_lines": 0, "num_statements": 0, "percent_covered": 100.0, "percent_covered_display": "100", "missing_lines": 0, "excluded_lines": 0}, "missing_lines": [], "excluded_lines": []}, "Message": {"executed_lines": [], "summary": {"covered_lines": 0, "num_statements": 0, "percent_covered": 100.0, "percent_covered_display": "100", "missing_lines": 0, "excluded_lines": 0}, "missing_lines": [], "excluded_lines": []}, "Message.Config": {"executed_lines": [], "summary": {"covered_lines": 0, "num_statements": 0, "percent_covered": 100.0, "percent_covered_display": "100", "missing_lines": 0, "excluded_lines": 0}, "missing_lines": [], "excluded_lines": []}, "AgentResponse": {"executed_lines": [], "summary": {"covered_lines": 0, "num_statements": 0, "percent_covered": 100.0, "percent_covered_display": "100", "missing_lines": 0, "excluded_lines": 0}, "missing_lines": [], "excluded_lines": []}, "OrchestrationResult": {"executed_lines": [], "summary": {"covered_lines": 0, "num_statements": 0, "percent_covered": 100.0, "percent_covered_display": "100", "missing_lines": 0, "excluded_lines": 0}, "missing_lines": [], "excluded_lines": []}, "Task": {"executed_lines": [], "summary": {"covered_lines": 0, "num_statements": 0, "percent_covered": 100.0, "percent_covered_display": "100", "missing_lines": 0, "excluded_lines": 0}, "missing_lines": [], "excluded_lines": []}, "": {"executed_lines": [1, 3, 4, 5, 6, 8, 11, 12, 14, 15, 16, 17, 18, 19, 22, 23, 25, 26, 27, 28, 31, 32, 34, 35, 36, 39, 40, 42, 43, 44, 45, 46, 47, 50, 51, 53, 54, 55, 56, 57, 58, 60, 61, 63, 69, 70, 72, 73, 74, 75, 76, 79, 80, 82, 83, 84, 85, 86, 87, 88, 91, 92, 94, 95, 96, 97, 98], "summary": {"covered_lines": 57, "num_statements": 57, "percent_covered": 100.0, "percent_covered_display": "100", "missing_lines": 0, "excluded_lines": 0}, "missing_lines": [], "excluded_lines": []}}}, "argentum/orchestration/__init__.py": {"executed_lines": [1, 3, 4, 5, 7], "summary": {"covered_lines": 4, "num_statements": 4, "percent_covered": 100.0, "percent_covered_display": "100", "missing_lines": 0, "excluded_lines": 0}, "missing_lines": [], "excluded_lines": [], "functions": {"": {"executed_lines": [1, 3, 4, 5, 7], "summary": {"covered_lines": 4, "num_statements": 4, "percent_covered": 100.0, "percent_covered_display": "100", "missing_lines": 0, "excluded_lines": 0}, "missing_lines": [], "excluded_lines": []}}, "classes": {"": {"executed_lines": [1, 3, 4, 5, 7], "summary": {"covered_lines": 4, "num_statements": 4, "percent_covered": 100.0, "percent_covered_display": "100", "missing_lines": 0, "excluded_lines": 0}, "missing_lines": [], "excluded_lines": []}}}, "argentum/orchestration/base.py": {"executed_lines": [1, 3, 4, 6, 7, 8, 11, 12, 14, 15, 33, 42, 43, 46, 55, 56], "summary": {"covered_lines": 14, "num_statements": 16, "percent_covered": 87.5, "percent_covered_display": "88", "missing_lines": 2, "excluded_lines": 2}, "missing_lines": [44, 57], "excluded_lines": [31, 32], "functions": {"Orchestrator.execute": {"executed_lines": [], "summary": {"covered_lines": 0, "num_statements": 0, "percent_covered": 100.0, "percent_covered_display": "100", "missing_lines": 0, "excluded_lines": 1}, "missing_lines": [], "excluded_lines": [31]}, "Orchestrator._prepare_task": {"executed_lines": [42, 43], "summary": {"covered_lines": 2, "num_statements": 3, "percent_covered": 66.66666666666667, "percent_covered_display": "67", "missing_lines": 1, "excluded_lines": 0}, "missing_lines": [44], "excluded_lines": []}, "Orchestrator._prepare_context": {"executed_lines": [55, 56], "summary": {"covered_lines": 2, "num_statements": 3, "percent_covered": 66.66666666666667, "percent_covered_display": "67", "missing_lines": 1, "excluded_lines": 0}, "missing_lines": [57], "excluded_lines": []}, "": {"executed_lines": [1, 3, 4, 6, 7, 8, 11, 12, 14, 15, 33, 46], "summary": {"covered_lines": 10, "num_statements": 10, "percent_covered": 100.0, "percent_covered_display": "100", "missing_lines": 0, "excluded_lines": 1}, "missing_lines": [], "excluded_lines": [32]}}, "classes": {"Orchestrator": {"executed_lines": [42, 43, 55, 56], "summary": {"covered_lines": 4, "num_statements": 6, "percent_covered": 66.66666666666667, "percent_covered_display": "67", "missing_lines": 2, "excluded_lines": 1}, "missing_lines": [44, 57], "excluded_lines": [31]}, "": {"executed_lines": [1, 3, 4, 6, 7, 8, 11, 12, 14, 15, 33, 46], "summary": {"covered_lines": 10, "num_statements": 10, "percent_covered": 100.0, "percent_covered_display": "100", "missing_lines": 0, "excluded_lines": 1}, "missing_lines": [], "excluded_lines": [32]}}}, "argentum/orchestration/concurrent.py": {"executed_lines": [1, 3, 4, 5, 7, 8, 9, 17, 20, 21, 27, 43, 44, 45, 48, 53, 56, 61, 64, 65, 66, 68, 74, 75, 78, 84, 87, 90, 93, 95, 97, 111, 127, 129, 138, 142, 143, 144, 145, 147], "summary": {"covered_lines": 38, "num_statements": 39, "percent_covered": 97.43589743589743, "percent_covered_display": "97", "missing_lines": 1, "excluded_lines": 0}, "missing_lines": [139], "excluded_lines": [], "functions": {"ConcurrentOrchestrator.execute": {"executed_lines": [43, 44, 45, 48, 53, 56, 61, 64, 65, 66, 68, 74, 75, 78, 84, 87, 90, 93, 95, 97], "summary": {"covered_lines": 20, "num_statements": 20, "percent_covered": 100.0, "percent_covered_display": "100", "missing_lines": 0, "excluded_lines": 0}, "missing_lines": [], "excluded_lines": []}, "ConcurrentOrchestrator._execute_agent": {"executed_lines": [127], "summary": {"covered_lines": 1, "num_statements": 1, "percent_covered": 100.0, "percent_covered_display": "100", "missing_lines": 0, "excluded_lines": 0}, "missing_lines": [], "excluded_lines": []}, "ConcurrentOrchestrator._aggregate_responses": {"executed_lines": [138, 142, 143, 144, 145, 147], "summary": {"covered_lines": 6, "num_statements": 7, "percent_covered": 85.71428571428571, "percent_covered_display": "86", "missing_lines": 1, "excluded_lines": 0}, "missing_lines": [139], "excluded_lines": []}, "": {"executed_lines": [1, 3, 4, 5, 7, 8, 9, 17, 20, 21, 27, 111, 129], "summary": {"covered_lines": 11, "num_statements": 11, "percent_covered": 100.0, "percent_covered_display": "100", "missing_lines": 0, "excluded_lines": 0}, "missing_lines": [], "excluded_lines": []}}, "classes": {"ConcurrentOrchestrator": {"executed_lines": [43, 44, 45, 48, 53, 56, 61, 64, 65, 66, 68, 74, 75, 78, 84, 87, 90, 93, 95, 97, 127, 138, 142, 143, 144, 145, 147], "summary": {"covered_lines": 27, "num_statements": 28, "percent_covered": 96.42857142857143, "percent_covered_display": "96", "missing_lines": 1, "excluded_lines": 0}, "missing_lines": [139], "excluded_lines": []}, "": {"executed_lines": [1, 3, 4, 5, 7, 8, 9, 17, 20, 21, 27, 111, 129], "summary": {"covered_lines": 11, "num_statements": 11, "percent_covered": 100.0, "percent_covered_display": "100", "missing_lines": 0, "excluded_lines": 0}, "missing_lines": [], "excluded_lines": []}}}, "argentum/orchestration/group_chat.py": {"executed_lines": [1, 3, 4, 6, 7, 8, 9, 16, 19, 20, 26, 32, 34, 50, 51, 52, 55, 58, 63, 66, 68, 70, 71, 72, 75, 76, 80, 81, 87, 96, 99, 102, 105, 107, 109, 115, 117, 120, 122, 124, 138, 147, 152], "summary": {"covered_lines": 41, "num_statements": 43, "percent_covered": 95.34883720930233, "percent_covered_display": "95", "missing_lines": 2, "excluded_lines": 0}, "missing_lines": [77, 148], "excluded_lines": [], "functions": {"GroupChatOrchestrator.__init__": {"executed_lines": [32], "summary": {"covered_lines": 1, "num_statements": 1, "percent_covered": 100.0, "percent_covered_display": "100", "missing_lines": 0, "excluded_lines": 0}, "missing_lines": [], "excluded_lines": []}, "GroupChatOrchestrator.execute": {"executed_lines": [50, 51, 52, 55, 58, 63, 66, 68, 70, 71, 72, 75, 76, 80, 81, 87, 96, 99, 102, 105, 107, 109, 115, 117, 120, 122, 124], "summary": {"covered_lines": 27, "num_statements": 28, "percent_covered": 96.42857142857143, "percent_covered_display": "96", "missing_lines": 1, "excluded_lines": 0}, "missing_lines": [77], "excluded_lines": []}, "GroupChatOrchestrator._generate_consensus": {"executed_lines": [147, 152], "summary": {"covered_lines": 2, "num_statements": 3, "percent_covered": 66.66666666666667, "percent_covered_display": "67", "missing_lines": 1, "excluded_lines": 0}, "missing_lines": [148], "excluded_lines": []}, "": {"executed_lines": [1, 3, 4, 6, 7, 8, 9, 16, 19, 20, 26, 34, 138], "summary": {"covered_lines": 11, "num_statements": 11, "percent_covered": 100.0, "percent_covered_display": "100", "missing_lines": 0, "excluded_lines": 0}, "missing_lines": [], "excluded_lines": []}}, "classes": {"GroupChatOrchestrator": {"executed_lines": [32, 50, 51, 52, 55, 58, 63, 66, 68, 70, 71, 72, 75, 76, 80, 81, 87, 96, 99, 102, 105, 107, 109, 115, 117, 120, 122, 124, 147, 152], "summary": {"covered_lines": 30, "num_statements": 32, "percent_covered": 93.75, "percent_covered_display": "94", "missing_lines": 2, "excluded_lines": 0}, "missing_lines": [77, 148], "excluded_lines": []}, "": {"executed_lines": [1, 3, 4, 6, 7, 8, 9, 16, 19, 20, 26, 34, 138], "summary": {"covered_lines": 11, "num_statements": 11, "percent_covered": 100.0, "percent_covered_display": "100", "missing_lines": 0, "excluded_lines": 0}, "missing_lines": [], "excluded_lines": []}}}, "argentum/orchestration/sequential.py": {"executed_lines": [1, 3, 4, 6, 7, 8, 16, 19, 20, 26, 42, 43, 44, 47, 52, 55, 57, 59, 62, 68, 78, 81, 84, 86, 88], "summary": {"covered_lines": 23, "num_statements": 23, "percent_covered": 100.0, "percent_covered_display": "100", "missing_lines": 0, "excluded_lines": 0}, "missing_lines": [], "excluded_lines": [], "functions": {"SequentialOrchestrator.execute": {"executed_lines": [42, 43, 44, 47, 52, 55, 57, 59, 62, 68, 78, 81, 84, 86, 88], "summary": {"covered_lines": 15, "num_statements": 15, "percent_covered": 100.0, "percent_covered_display": "100", "missing_lines": 0, "excluded_lines": 0}, "missing_lines": [], "excluded_lines": []}, "": {"executed_lines": [1, 3, 4, 6, 7, 8, 16, 19, 20, 26], "summary": {"covered_lines": 8, "num_statements": 8, "percent_covered": 100.0, "percent_covered_display": "100", "missing_lines": 0, "excluded_lines": 0}, "missing_lines": [], "excluded_lines": []}}, "classes": {"SequentialOrchestrator": {"executed_lines": [42, 43, 44, 47, 52, 55, 57, 59, 62, 68, 78, 81, 84, 86, 88], "summary": {"covered_lines": 15, "num_statements": 15, "percent_covered": 100.0, "percent_covered_display": "100", "missing_lines": 0, "excluded_lines": 0}, "missing_lines": [], "excluded_lines": []}, "": {"executed_lines": [1, 3, 4, 6, 7, 8, 16, 19, 20, 26], "summary": {"covered_lines": 8, "num_statements": 8, "percent_covered": 100.0, "percent_covered_display": "100", "missing_lines": 0, "excluded_lines": 0}, "missing_lines": [], "excluded_lines": []}}}, "argentum/scenarios/__init__.py": {"executed_lines": [], "summary": {"covered_lines": 0, "num_statements": 3, "percent_covered": 0.0, "percent_covered_display": "0", "missing_lines": 3, "excluded_lines": 0}, "missing_lines": [3, 4, 6], "excluded_lines": [], "functions": {"": {"executed_lines": [], "summary": {"covered_lines": 0, "num_statements": 3, "percent_covered": 0.0, "percent_covered_display": "0", "missing_lines": 3, "excluded_lines": 0}, "missing_lines": [3, 4, 6], "excluded_lines": []}}, "classes": {"": {"executed_lines": [], "summary": {"covered_lines": 0, "num_statements": 3, "percent_covered": 0.0, "percent_covered_display": "0", "missing_lines": 3, "excluded_lines": 0}, "missing_lines": [3, 4, 6], "excluded_lines": []}}}, "argentum/scenarios/advisory.py": {"executed_lines": [], "summary": {"covered_lines": 0, "num_statements": 58, "percent_covered": 0.0, "percent_covered_display": "0", "missing_lines": 58, "excluded_lines": 0}, "missing_lines": [3, 4, 6, 7, 8, 9, 10, 11, 14, 17, 32, 33, 34, 37, 38, 40, 67, 68, 70, 76, 78, 79, 80, 82, 84, 93, 94, 96, 98, 105, 108, 114, 117, 130, 135, 138, 140, 146, 147, 148, 150, 152, 153, 154, 156, 157, 158, 159, 160, 162, 163, 164, 165, 166, 168, 169, 172, 173], "excluded_lines": [], "functions": {"CTOAdvisoryPanel.__init__": {"executed_lines": [], "summary": {"covered_lines": 0, "num_statements": 8, "percent_covered": 0.0, "percent_covered_display": "0", "missing_lines": 8, "excluded_lines": 0}, "missing_lines": [32, 33, 34, 37, 38, 40, 67, 68], "excluded_lines": []}, "CTOAdvisoryPanel._create_agents": {"executed_lines": [], "summary": {"covered_lines": 0, "num_statements": 9, "percent_covered": 0.0, "percent_covered_display": "0", "missing_lines": 9, "excluded_lines": 0}, "missing_lines": [76, 78, 79, 80, 82, 84, 93, 94, 96], "excluded_lines": []}, "CTOAdvisoryPanel.consult": {"executed_lines": [], "summary": {"covered_lines": 0, "num_statements": 6, "percent_covered": 0.0, "percent_covered_display": "0", "missing_lines": 6, "excluded_lines": 0}, "missing_lines": [105, 108, 114, 117, 130, 135], "excluded_lines": []}, "main": {"executed_lines": [], "summary": {"covered_lines": 0, "num_statements": 20, "percent_covered": 0.0, "percent_covered_display": "0", "missing_lines": 20, "excluded_lines": 0}, "missing_lines": [140, 146, 147, 148, 150, 152, 153, 154, 156, 157, 158, 159, 160, 162, 163, 164, 165, 166, 168, 169], "excluded_lines": []}, "": {"executed_lines": [], "summary": {"covered_lines": 0, "num_statements": 15, "percent_covered": 0.0, "percent_covered_display": "0", "missing_lines": 15, "excluded_lines": 0}, "missing_lines": [3, 4, 6, 7, 8, 9, 10, 11, 14, 17, 70, 98, 138, 172, 173], "excluded_lines": []}}, "classes": {"CTOAdvisoryPanel": {"executed_lines": [], "summary": {"covered_lines": 0, "num_statements": 23, "percent_covered": 0.0, "percent_covered_display": "0", "missing_lines": 23, "excluded_lines": 0}, "missing_lines": [32, 33, 34, 37, 38, 40, 67, 68, 76, 78, 79, 80, 82, 84, 93, 94, 96, 105, 108, 114, 117, 130, 135], "excluded_lines": []}, "": {"executed_lines": [], "summary": {"covered_lines": 0, "num_statements": 35, "percent_covered": 0.0, "percent_covered_display": "0", "missing_lines": 35, "excluded_lines": 0}, "missing_lines": [3, 4, 6, 7, 8, 9, 10, 11, 14, 17, 70, 98, 138, 140, 146, 147, 148, 150, 152, 153, 154, 156, 157, 158, 159, 160, 162, 163, 164, 165, 166, 168, 169, 172, 173], "excluded_lines": []}}}, "argentum/scenarios/debate.py": {"executed_lines": [], "summary": {"covered_lines": 0, "num_statements": 58, "percent_covered": 0.0, "percent_covered_display": "0", "missing_lines": 58, "excluded_lines": 0}, "missing_lines": [3, 4, 6, 7, 8, 9, 10, 11, 14, 17, 32, 33, 34, 37, 38, 40, 67, 68, 70, 76, 78, 79, 80, 82, 84, 93, 94, 96, 98, 105, 108, 114, 117, 130, 135, 138, 140, 146, 147, 148, 150, 152, 153, 154, 156, 157, 158, 159, 160, 162, 163, 164, 165, 166, 168, 169, 172, 173], "excluded_lines": [], "functions": {"GovernmentDebate.__init__": {"executed_lines": [], "summary": {"covered_lines": 0, "num_statements": 8, "percent_covered": 0.0, "percent_covered_display": "0", "missing_lines": 8, "excluded_lines": 0}, "missing_lines": [32, 33, 34, 37, 38, 40, 67, 68], "excluded_lines": []}, "GovernmentDebate._create_agents": {"executed_lines": [], "summary": {"covered_lines": 0, "num_statements": 9, "percent_covered": 0.0, "percent_covered_display": "0", "missing_lines": 9, "excluded_lines": 0}, "missing_lines": [76, 78, 79, 80, 82, 84, 93, 94, 96], "excluded_lines": []}, "GovernmentDebate.run": {"executed_lines": [], "summary": {"covered_lines": 0, "num_statements": 6, "percent_covered": 0.0, "percent_covered_display": "0", "missing_lines": 6, "excluded_lines": 0}, "missing_lines": [105, 108, 114, 117, 130, 135], "excluded_lines": []}, "main": {"executed_lines": [], "summary": {"covered_lines": 0, "num_statements": 20, "percent_covered": 0.0, "percent_covered_display": "0", "missing_lines": 20, "excluded_lines": 0}, "missing_lines": [140, 146, 147, 148, 150, 152, 153, 154, 156, 157, 158, 159, 160, 162, 163, 164, 165, 166, 168, 169], "excluded_lines": []}, "": {"executed_lines": [], "summary": {"covered_lines": 0, "num_statements": 15, "percent_covered": 0.0, "percent_covered_display": "0", "missing_lines": 15, "excluded_lines": 0}, "missing_lines": [3, 4, 6, 7, 8, 9, 10, 11, 14, 17, 70, 98, 138, 172, 173], "excluded_lines": []}}, "classes": {"GovernmentDebate": {"executed_lines": [], "summary": {"covered_lines": 0, "num_statements": 23, "percent_covered": 0.0, "percent_covered_display": "0", "missing_lines": 23, "excluded_lines": 0}, "missing_lines": [32, 33, 34, 37, 38, 40, 67, 68, 76, 78, 79, 80, 82, 84, 93, 94, 96, 105, 108, 114, 117, 130, 135], "excluded_lines": []}, "": {"executed_lines": [], "summary": {"covered_lines": 0, "num_statements": 35, "percent_covered": 0.0, "percent_covered_display": "0", "missing_lines": 35, "excluded_lines": 0}, "missing_lines": [3, 4, 6, 7, 8, 9, 10, 11, 14, 17, 70, 98, 138, 140, 146, 147, 148, 150, 152, 153, 154, 156, 157, 158, 159, 160, 162, 163, 164, 165, 166, 168, 169, 172, 173], "excluded_lines": []}}}}, "totals": {"covered_lines": 374, "num_statements": 629, "percent_covered": 59.45945945945946, "percent_covered_display": "59", "missing_lines": 255, "excluded_lines": 2}}